<?xml version="1.0" encoding="UTF-8" standalone="yes"?>
<ns2:test-suite xmlns:ns2="urn:model.allure.qatools.yandex.ru" start="1509049391441" stop="1509049391525">
    <name>Default Suite</name>
    <test-cases>
        <test-case start="1509049391487" stop="1509049391505" status="canceled">
            <name>testContactCreation</name>
            <failure>
                <message>SkipException: The test was skipped for some reason</message>
                <stack-trace>org.testng.SkipException: The test was skipped for some reason
	at ru.yandex.qatools.allure.testng.AllureTestListener.onTestSkipped(AllureTestListener.java:73)
	at org.testng.internal.Invoker.runTestListeners(Invoker.java:1683)
	at org.testng.internal.Invoker.runTestListeners(Invoker.java:1675)
	at org.testng.internal.Invoker.invokeMethod(Invoker.java:700)
	at org.testng.internal.Invoker.invokeTestMethod(Invoker.java:820)
	at org.testng.internal.Invoker.invokeTestMethods(Invoker.java:1128)
	at org.testng.internal.TestMethodWorker.invokeTestMethods(TestMethodWorker.java:129)
	at org.testng.internal.TestMethodWorker.run(TestMethodWorker.java:112)
	at org.testng.TestRunner.privateRun(TestRunner.java:782)
	at org.testng.TestRunner.run(TestRunner.java:632)
	at org.testng.SuiteRunner.runTest(SuiteRunner.java:366)
	at org.testng.SuiteRunner.runSequentially(SuiteRunner.java:361)
	at org.testng.SuiteRunner.privateRun(SuiteRunner.java:319)
	at org.testng.SuiteRunner.run(SuiteRunner.java:268)
	at org.testng.SuiteRunnerWorker.runSuite(SuiteRunnerWorker.java:52)
	at org.testng.SuiteRunnerWorker.run(SuiteRunnerWorker.java:86)
	at org.testng.TestNG.runSuitesSequentially(TestNG.java:1244)
	at org.testng.TestNG.runSuitesLocally(TestNG.java:1169)
	at org.testng.TestNG.run(TestNG.java:1064)
	at org.testng.IDEARemoteTestNG.run(IDEARemoteTestNG.java:72)
	at org.testng.RemoteTestNGStarter.main(RemoteTestNGStarter.java:123)
</stack-trace>
            </failure>
            <steps/>
            <attachments/>
            <labels/>
        </test-case>
    </test-cases>
    <labels/>
</ns2:test-suite>
